# JRE version: OpenJDK Runtime Environment Microsoft-11369865 (17.0.15+6) (build 17.0.15+6-LTS)
# Java VM: OpenJDK 64-Bit Server VM Microsoft-11369865 (17.0.15+6-LTS, mixed mode, sharing, tiered, compressed oops, compressed class ptrs, g1 gc, windows-amd64)
GC Precious Log:
 CPUs: 8 total, 8 available
 Memory: 16144M
 Large Page Support: Disabled
 NUMA Support: Disabled
 Compressed Oops: Enabled (Zero based)
 Heap Region Size: 2M
 Heap Min Capacity: 8M
 Heap Initial Capacity: 254M
 Heap Max Capacity: 4038M
 Pre-touch: Disabled
 Parallel Workers: 8
 Concurrent Workers: 2
 Concurrent Refinement Workers: 8
 Periodic GC: Disabled
Heap:
 garbage-first heap   total 157696K, used 108069K [0x0000000703a00000, 0x0000000800000000)
  region size 2048K, 43 young (88064K), 1 survivors (2048K)
 Metaspace       used 45345K, committed 45888K, reserved 1114112K
  class space    used 6002K, committed 6272K, reserved 1048576K
GC Heap History (20 events):
Event: 3.555 GC heap before
{Heap before GC invocations=2 (full 0):
 garbage-first heap   total 260096K, used 56864K [0x0000000703a00000, 0x0000000800000000)
  region size 2048K, 26 young (53248K), 2 survivors (4096K)
 Metaspace       used 21203K, committed 21504K, reserved 1114112K
  class space    used 2785K, committed 2944K, reserved 1048576K
}
Event: 3.563 GC heap after
{Heap after GC invocations=3 (full 0):
 garbage-first heap   total 260096K, used 13037K [0x0000000703a00000, 0x0000000800000000)
  region size 2048K, 3 young (6144K), 3 survivors (6144K)
 Metaspace       used 21203K, committed 21504K, reserved 1114112K
  class space    used 2785K, committed 2944K, reserved 1048576K
}
Event: 4.260 GC heap before
{Heap before GC invocations=4 (full 0):
 garbage-first heap   total 55296K, used 39661K [0x0000000703a00000, 0x0000000800000000)
  region size 2048K, 16 young (32768K), 3 survivors (6144K)
 Metaspace       used 24825K, committed 25152K, reserved 1114112K
  class space    used 3236K, committed 3392K, reserved 1048576K
}
Event: 4.268 GC heap after
{Heap after GC invocations=5 (full 0):
 garbage-first heap   total 55296K, used 16333K [0x0000000703a00000, 0x0000000800000000)
  region size 2048K, 2 young (4096K), 2 survivors (4096K)
 Metaspace       used 24825K, committed 25152K, reserved 1114112K
  class space    used 3236K, committed 3392K, reserved 1048576K
}
Event: 4.384 GC heap before
{Heap before GC invocations=5 (full 0):
 garbage-first heap   total 55296K, used 18381K [0x0000000703a00000, 0x0000000800000000)
  region size 2048K, 3 young (6144K), 2 survivors (4096K)
 Metaspace       used 24892K, committed 25216K, reserved 1114112K
  class space    used 3243K, committed 3392K, reserved 1048576K
}
Event: 4.390 GC heap after
{Heap after GC invocations=6 (full 0):
 garbage-first heap   total 55296K, used 17019K [0x0000000703a00000, 0x0000000800000000)
  region size 2048K, 1 young (2048K), 1 survivors (2048K)
 Metaspace       used 24892K, committed 25216K, reserved 1114112K
  class space    used 3243K, committed 3392K, reserved 1048576K
}
Event: 5.028 GC heap before
{Heap before GC invocations=6 (full 0):
 garbage-first heap   total 55296K, used 35451K [0x0000000703a00000, 0x0000000800000000)
  region size 2048K, 10 young (20480K), 1 survivors (2048K)
 Metaspace       used 25845K, committed 26176K, reserved 1114112K
  class space    used 3364K, committed 3520K, reserved 1048576K
}
Event: 5.031 GC heap after
{Heap after GC invocations=7 (full 0):
 garbage-first heap   total 55296K, used 17813K [0x0000000703a00000, 0x0000000800000000)
  region size 2048K, 1 young (2048K), 1 survivors (2048K)
 Metaspace       used 25845K, committed 26176K, reserved 1114112K
  class space    used 3364K, committed 3520K, reserved 1048576K
}
Event: 5.691 GC heap before
{Heap before GC invocations=7 (full 0):
 garbage-first heap   total 55296K, used 36245K [0x0000000703a00000, 0x0000000800000000)
  region size 2048K, 11 young (22528K), 1 survivors (2048K)
 Metaspace       used 28395K, committed 28736K, reserved 1114112K
  class space    used 3697K, committed 3840K, reserved 1048576K
}
Event: 5.694 GC heap after
{Heap after GC invocations=8 (full 0):
 garbage-first heap   total 55296K, used 19194K [0x0000000703a00000, 0x0000000800000000)
  region size 2048K, 2 young (4096K), 2 survivors (4096K)
 Metaspace       used 28395K, committed 28736K, reserved 1114112K
  class space    used 3697K, committed 3840K, reserved 1048576K
}
Event: 6.298 GC heap before
{Heap before GC invocations=8 (full 0):
 garbage-first heap   total 55296K, used 37626K [0x0000000703a00000, 0x0000000800000000)
  region size 2048K, 11 young (22528K), 2 survivors (4096K)
 Metaspace       used 30159K, committed 30400K, reserved 1114112K
  class space    used 3976K, committed 4096K, reserved 1048576K
}
Event: 6.304 GC heap after
{Heap after GC invocations=9 (full 0):
 garbage-first heap   total 55296K, used 20645K [0x0000000703a00000, 0x0000000800000000)
  region size 2048K, 2 young (4096K), 2 survivors (4096K)
 Metaspace       used 30159K, committed 30400K, reserved 1114112K
  class space    used 3976K, committed 4096K, reserved 1048576K
}
Event: 6.869 GC heap before
{Heap before GC invocations=9 (full 0):
 garbage-first heap   total 55296K, used 39077K [0x0000000703a00000, 0x0000000800000000)
  region size 2048K, 11 young (22528K), 2 survivors (4096K)
 Metaspace       used 33325K, committed 33728K, reserved 1114112K
  class space    used 4392K, committed 4608K, reserved 1048576K
}
Event: 6.875 GC heap after
{Heap after GC invocations=10 (full 0):
 garbage-first heap   total 55296K, used 22346K [0x0000000703a00000, 0x0000000800000000)
  region size 2048K, 2 young (4096K), 2 survivors (4096K)
 Metaspace       used 33325K, committed 33728K, reserved 1114112K
  class space    used 4392K, committed 4608K, reserved 1048576K
}
Event: 7.276 GC heap before
{Heap before GC invocations=10 (full 0):
 garbage-first heap   total 55296K, used 34634K [0x0000000703a00000, 0x0000000800000000)
  region size 2048K, 9 young (18432K), 2 survivors (4096K)
 Metaspace       used 35755K, committed 36096K, reserved 1114112K
  class space    used 4683K, committed 4864K, reserved 1048576K
}
Event: 7.281 GC heap after
{Heap after GC invocations=11 (full 0):
 garbage-first heap   total 55296K, used 23033K [0x0000000703a00000, 0x0000000800000000)
  region size 2048K, 2 young (4096K), 2 survivors (4096K)
 Metaspace       used 35755K, committed 36096K, reserved 1114112K
  class space    used 4683K, committed 4864K, reserved 1048576K
}
Event: 7.701 GC heap before
{Heap before GC invocations=12 (full 0):
 garbage-first heap   total 55296K, used 41465K [0x0000000703a00000, 0x0000000800000000)
  region size 2048K, 11 young (22528K), 2 survivors (4096K)
 Metaspace       used 36858K, committed 37248K, reserved 1114112K
  class space    used 4853K, committed 5056K, reserved 1048576K
}
Event: 7.707 GC heap after
{Heap after GC invocations=13 (full 0):
 garbage-first heap   total 55296K, used 23972K [0x0000000703a00000, 0x0000000800000000)
  region size 2048K, 1 young (2048K), 1 survivors (2048K)
 Metaspace       used 36858K, committed 37248K, reserved 1114112K
  class space    used 4853K, committed 5056K, reserved 1048576K
}
Event: 7.875 GC heap before
{Heap before GC invocations=13 (full 0):
 garbage-first heap   total 55296K, used 42404K [0x0000000703a00000, 0x0000000800000000)
  region size 2048K, 10 young (20480K), 1 survivors (2048K)
 Metaspace       used 36939K, committed 37312K, reserved 1114112K
  class space    used 4862K, committed 5056K, reserved 1048576K
}
Event: 7.878 GC heap after
{Heap after GC invocations=14 (full 0):
 garbage-first heap   total 157696K, used 24101K [0x0000000703a00000, 0x0000000800000000)
  region size 2048K, 1 young (2048K), 1 survivors (2048K)
 Metaspace       used 36939K, committed 37312K, reserved 1114112K
  class space    used 4862K, committed 5056K, reserved 1048576K
}

